> Task :compileJava NO-SOURCE
> Task :compileGroovy
> Task :buildProperties UP-TO-DATE
> Task :processResources UP-TO-DATE
> Task :classes
> Task :bootRunMainClassName

> Task :bootRun
Initialized 120 board positions across 10 matrix levels
Created wiped test coordinate at (0,1) for repair mini-game testing
DEBUG: Starting merchant spawning for all levels...
DEBUG: Level 1 merchant: Zeta the Code Broker at (6,9)
DEBUG: Level 2 merchant: The Logic Peddler at (9,7)
DEBUG: Level 3 merchant: Zeta the Code Broker at (8,6)
DEBUG: Level 4 merchant: Data Stream Dave at (5,7)
DEBUG: Level 5 merchant: Zeta the Code Broker at (4,3)
DEBUG: Level 6 merchant: Data Stream Dave at (2,0)
DEBUG: Level 7 merchant: The Logic Peddler at (4,6)
DEBUG: Level 8 merchant: Stack Overflow Sam at (7,8)
DEBUG: Level 9 merchant: Data Stream Dave at (6,6)
DEBUG: Level 10 merchant: The Bit Baron at (1,3)
DEBUG: Merchant spawning completed
Telnet server started on port 8181
Audio system initialized
Elemental symbols initialized
✅ Initialized 4 puzzle logic fragments
Initializing randomized puzzle elements for session SESSION_1753054581486_416883, map 1
Puzzle system failed to initialize: Validation Error(s) occurred during save():
- Field error in object 'ysap.HiddenVariable' on field 'elementType': rejected value [null]; codes [ysap.HiddenVariable.elementType.nullable.error.ysap.HiddenVariable.elementType,ysap.HiddenVariable.elementType.nullable.error.elementType,ysap.HiddenVariable.elementType.nullable.error.java.lang.String,ysap.HiddenVariable.elementType.nullable.error,hiddenVariable.elementType.nullable.error.ysap.HiddenVariable.elementType,hiddenVariable.elementType.nullable.error.elementType,hiddenVariable.elementType.nullable.error.java.lang.String,hiddenVariable.elementType.nullable.error,ysap.HiddenVariable.elementType.nullable.ysap.HiddenVariable.elementType,ysap.HiddenVariable.elementType.nullable.elementType,ysap.HiddenVariable.elementType.nullable.java.lang.String,ysap.HiddenVariable.elementType.nullable,hiddenVariable.elementType.nullable.ysap.HiddenVariable.elementType,hiddenVariable.elementType.nullable.elementType,hiddenVariable.elementType.nullable.java.lang.String,hiddenVariable.elementType.nullable,nullable.ysap.HiddenVariable.elementType,nullable.elementType,nullable.java.lang.String,nullable]; arguments [elementType,class ysap.HiddenVariable]; default message [Property [{0}] of class [{1}] cannot be null]

🤖 Starting auto-defrag system with 1-minute destruction cycles
✅ Auto-defrag system started successfully
Auto-defrag system initialized
Lambda: A Digital Entities Game initialized
Telnet server running on port 8181
Connect via: telnet localhost 8181
Grails application running at http://localhost:8080 in environment: development
Client connected. Total clients: 1
Detected terminal size: unknown
WHILE LOOP RUNNING
DEBUG: Received input: 'map'
DEBUG: isPlayerInRepairSession(maptest) -> session=null, isActive=null, result=false
DEBUG: Checking repair session for maptest, isInSession: false
DEBUG: isPlayerInRepairSession(maptest) -> session=null, isActive=null, result=false
ELSE BLOCK BEGIN ====
🌍 NEW GAME SESSION STARTED: LAMBDA_1753054607029_682904
🎲 All logic fragments and special items will be randomly redistributed
🎲 Initialized random fragment distribution for Matrix Level 1: 30 fragments placed
DEBUG: Found merchant Zeta the Code Broker at level 1 coordinates (6,9)
ELSE BLOCK END ====
WHILE LOOP RUNNING
DEBUG: Received input: 'quit'
Client disconnected. Total clients: 0
🤖 Auto-defrag cycle 1 executing...
🤖 Auto-defrag destroyed coordinate (8,2) on Matrix Level 1
🤖 Auto-defrag destroyed coordinate (3,2) on Matrix Level 3
🤖 Auto-defrag destroyed coordinate (7,1) on Matrix Level 2
Could not broadcast defrag alert: No signature of method: ysap.ChatService.broadcastSystemMessage() is applicable for argument types: (String) values: [🤖 AUTO-DEFRAG: 3 coordinate(s) destroyed by system defrag bots!]
File /Users/josh/dev/ysap/grails-app/services/ysap/LambdaMerchantService.groovy changed, recompiling...
Telnet server stopped
Exception in thread "Thread-9" java.net.SocketException: Socket closed
	at java.base/java.net.PlainSocketImpl.socketAccept(Native Method)
	at java.base/java.net.AbstractPlainSocketImpl.accept(AbstractPlainSocketImpl.java:474)
	at java.base/java.net.ServerSocket.implAccept(ServerSocket.java:565)
	at java.base/java.net.ServerSocket.accept(ServerSocket.java:533)
	at java_net_ServerSocket$accept.call(Unknown Source)
	at ysap.TelnetServerService$_startServer_closure1.doCall(TelnetServerService.groovy:86)
	at ysap.TelnetServerService$_startServer_closure1.doCall(TelnetServerService.groovy)
	at java.base/jdk.internal.reflect.NativeMethodAccessorImpl.invoke0(Native Method)
	at java.base/jdk.internal.reflect.NativeMethodAccessorImpl.invoke(NativeMethodAccessorImpl.java:62)
	at java.base/jdk.internal.reflect.DelegatingMethodAccessorImpl.invoke(DelegatingMethodAccessorImpl.java:43)
	at java.base/java.lang.reflect.Method.invoke(Method.java:566)
	at org.codehaus.groovy.reflection.CachedMethod.invoke(CachedMethod.java:107)
	at groovy.lang.MetaMethod.doMethodInvoke(MetaMethod.java:323)
	at org.codehaus.groovy.runtime.metaclass.ClosureMetaClass.invokeMethod(ClosureMetaClass.java:274)
	at groovy.lang.MetaClassImpl.invokeMethod(MetaClassImpl.java:1035)
	at groovy.lang.Closure.call(Closure.java:412)
	at groovy.lang.Closure.call(Closure.java:406)
	at groovy.lang.Closure.run(Closure.java:493)
	at java.base/java.lang.Thread.run(Thread.java:829)
[2m2025-07-20 18:37:05.383[0;39m [31mERROR[0;39m [2m---[0;39m [2m[o-8080-Acceptor][0;39m [36morg.apache.tomcat.util.net.Acceptor     [0;39m [2m:[0;39m Socket accept failed

java.nio.channels.AsynchronousCloseException: null
	at java.base/java.nio.channels.spi.AbstractInterruptibleChannel.end(AbstractInterruptibleChannel.java:202)
	at java.base/sun.nio.ch.ServerSocketChannelImpl.end(ServerSocketChannelImpl.java:269)
	at java.base/sun.nio.ch.ServerSocketChannelImpl.accept(ServerSocketChannelImpl.java:288)
	at org.apache.tomcat.util.net.NioEndpoint.serverSocketAccept(NioEndpoint.java:548)
	at org.apache.tomcat.util.net.NioEndpoint.serverSocketAccept(NioEndpoint.java:79)
	at org.apache.tomcat.util.net.Acceptor.run(Acceptor.java:129)
	at java.base/java.lang.Thread.run(Thread.java:829)

Initialized 120 board positions across 10 matrix levels
Created wiped test coordinate at (0,1) for repair mini-game testing
Telnet server started on port 8181
Audio system initialized
Elemental symbols initialized
✅ Initialized 4 puzzle logic fragments
Initializing randomized puzzle elements for session SESSION_1753054627458_164683, map 1
Puzzle system failed to initialize: Validation Error(s) occurred during save():
- Field error in object 'ysap.HiddenVariable' on field 'elementType': rejected value [null]; codes [ysap.HiddenVariable.elementType.nullable.error.ysap.HiddenVariable.elementType,ysap.HiddenVariable.elementType.nullable.error.elementType,ysap.HiddenVariable.elementType.nullable.error.java.lang.String,ysap.HiddenVariable.elementType.nullable.error,hiddenVariable.elementType.nullable.error.ysap.HiddenVariable.elementType,hiddenVariable.elementType.nullable.error.elementType,hiddenVariable.elementType.nullable.error.java.lang.String,hiddenVariable.elementType.nullable.error,ysap.HiddenVariable.elementType.nullable.ysap.HiddenVariable.elementType,ysap.HiddenVariable.elementType.nullable.elementType,ysap.HiddenVariable.elementType.nullable.java.lang.String,ysap.HiddenVariable.elementType.nullable,hiddenVariable.elementType.nullable.ysap.HiddenVariable.elementType,hiddenVariable.elementType.nullable.elementType,hiddenVariable.elementType.nullable.java.lang.String,hiddenVariable.elementType.nullable,nullable.ysap.HiddenVariable.elementType,nullable.elementType,nullable.java.lang.String,nullable]; arguments [elementType,class ysap.HiddenVariable]; default message [Property [{0}] of class [{1}] cannot be null]

🤖 Starting auto-defrag system with 1-minute destruction cycles
✅ Auto-defrag system started successfully
Auto-defrag system initialized
Client connected. Total clients: 1
Detected terminal size: unknown
Lambda: A Digital Entities Game initialized
Telnet server running on port 8181
Connect via: telnet localhost 8181
Grails application running at http://localhost:8080 in environment: development
WHILE LOOP RUNNING
DEBUG: Received input: 'map'
DEBUG: isPlayerInRepairSession(josh) -> session=null, isActive=null, result=false
DEBUG: Checking repair session for josh, isInSession: false
DEBUG: isPlayerInRepairSession(josh) -> session=null, isActive=null, result=false
ELSE BLOCK BEGIN ====
🌍 NEW GAME SESSION STARTED: LAMBDA_1753054633456_890117
🎲 All logic fragments and special items will be randomly redistributed
🎲 Initialized random fragment distribution for Matrix Level 1: 30 fragments placed
ELSE BLOCK END ====
WHILE LOOP RUNNING
🤖 Auto-defrag cycle 1 executing...
🤖 Auto-defrag destroyed coordinate (2,8) on Matrix Level 2
🤖 Auto-defrag destroyed coordinate (5,4) on Matrix Level 3
Could not broadcast defrag alert: No signature of method: ysap.ChatService.broadcastSystemMessage() is applicable for argument types: (String) values: [🤖 AUTO-DEFRAG: 2 coordinate(s) destroyed by system defrag bots!]
🤖 Auto-defrag cycle 2 executing...
Error destroying coordinate (7,5): Could not open Hibernate Session for transaction; nested exception is java.lang.IllegalStateException: EntityManagerFactory is closed
Error destroying coordinate (7,8): Could not open Hibernate Session for transaction; nested exception is java.lang.IllegalStateException: EntityManagerFactory is closed
🤖 Auto-defrag cycle 2 executing...
🤖 Auto-defrag destroyed coordinate (0,2) on Matrix Level 1
🤖 Auto-defrag destroyed coordinate (9,7) on Matrix Level 2
Could not broadcast defrag alert: No signature of method: ysap.ChatService.broadcastSystemMessage() is applicable for argument types: (String) values: [🤖 AUTO-DEFRAG: 2 coordinate(s) destroyed by system defrag bots!]
🤖 Auto-defrag cycle 3 executing...
Error destroying coordinate (4,5): Could not open Hibernate Session for transaction; nested exception is java.lang.IllegalStateException: EntityManagerFactory is closed
Error destroying coordinate (5,0): Could not open Hibernate Session for transaction; nested exception is java.lang.IllegalStateException: EntityManagerFactory is closed
Error destroying coordinate (6,9): Could not open Hibernate Session for transaction; nested exception is java.lang.IllegalStateException: EntityManagerFactory is closed
🤖 Auto-defrag taking 1-minute break after 3 cycles...
🤖 Auto-defrag cycle 3 executing...
🤖 Auto-defrag destroyed coordinate (5,9) on Matrix Level 3
🤖 Auto-defrag destroyed coordinate (3,0) on Matrix Level 1
🤖 Auto-defrag destroyed coordinate (9,6) on Matrix Level 2
Could not broadcast defrag alert: No signature of method: ysap.ChatService.broadcastSystemMessage() is applicable for argument types: (String) values: [🤖 AUTO-DEFRAG: 3 coordinate(s) destroyed by system defrag bots!]
🤖 Auto-defrag taking 1-minute break after 3 cycles...
🤖 Auto-defrag cycle 4 executing...
Error destroying coordinate (6,0): Could not open Hibernate Session for transaction; nested exception is java.lang.IllegalStateException: EntityManagerFactory is closed
🤖 Auto-defrag break ended, resuming destruction cycles
Could not broadcast defrag alert: No signature of method: ysap.ChatService.broadcastSystemMessage() is applicable for argument types: (String) values: [⚠️  AUTO-DEFRAG: System defrag bots resume coordinate destruction!]
🤖 Auto-defrag cycle 4 executing...
🤖 Auto-defrag destroyed coordinate (9,9) on Matrix Level 1
Could not broadcast defrag alert: No signature of method: ysap.ChatService.broadcastSystemMessage() is applicable for argument types: (String) values: [🤖 AUTO-DEFRAG: 1 coordinate(s) destroyed by system defrag bots!]
🤖 Auto-defrag break ended, resuming destruction cycles
Could not broadcast defrag alert: No signature of method: ysap.ChatService.broadcastSystemMessage() is applicable for argument types: (String) values: [⚠️  AUTO-DEFRAG: System defrag bots resume coordinate destruction!]
🤖 Auto-defrag cycle 5 executing...
Error destroying coordinate (5,3): Could not open Hibernate Session for transaction; nested exception is java.lang.IllegalStateException: EntityManagerFactory is closed
Error destroying coordinate (3,3): Could not open Hibernate Session for transaction; nested exception is java.lang.IllegalStateException: EntityManagerFactory is closed
File /Users/josh/dev/ysap/grails-app/init/ysap/BootStrap.groovy changed, recompiling...
Telnet server stopped
Exception in thread "Thread-20" java.net.SocketException: Socket closed
	at java.base/java.net.PlainSocketImpl.socketAccept(Native Method)
	at java.base/java.net.AbstractPlainSocketImpl.accept(AbstractPlainSocketImpl.java:474)
	at java.base/java.net.ServerSocket.implAccept(ServerSocket.java:565)
	at java.base/java.net.ServerSocket.accept(ServerSocket.java:533)
	at java_net_ServerSocket$accept.call(Unknown Source)
	at ysap.TelnetServerService$_startServer_closure1.doCall(TelnetServerService.groovy:86)
	at ysap.TelnetServerService$_startServer_closure1.doCall(TelnetServerService.groovy)
	at java.base/jdk.internal.reflect.NativeMethodAccessorImpl.invoke0(Native Method)
	at java.base/jdk.internal.reflect.NativeMethodAccessorImpl.invoke(NativeMethodAccessorImpl.java:62)
	at java.base/jdk.internal.reflect.DelegatingMethodAccessorImpl.invoke(DelegatingMethodAccessorImpl.java:43)
	at java.base/java.lang.reflect.Method.invoke(Method.java:566)
	at org.codehaus.groovy.reflection.CachedMethod.invoke(CachedMethod.java:107)
	at groovy.lang.MetaMethod.doMethodInvoke(MetaMethod.java:323)
	at org.codehaus.groovy.runtime.metaclass.ClosureMetaClass.invokeMethod(ClosureMetaClass.java:274)
	at groovy.lang.MetaClassImpl.invokeMethod(MetaClassImpl.java:1035)
	at groovy.lang.Closure.call(Closure.java:412)
	at groovy.lang.Closure.call(Closure.java:406)
	at groovy.lang.Closure.run(Closure.java:493)
	at java.base/java.lang.Thread.run(Thread.java:829)
[2m2025-07-20 18:41:21.338[0;39m [31mERROR[0;39m [2m---[0;39m [2m[o-8080-Acceptor][0;39m [36morg.apache.tomcat.util.net.Acceptor     [0;39m [2m:[0;39m Socket accept failed

java.nio.channels.AsynchronousCloseException: null
	at java.base/java.nio.channels.spi.AbstractInterruptibleChannel.end(AbstractInterruptibleChannel.java:202)
	at java.base/sun.nio.ch.ServerSocketChannelImpl.end(ServerSocketChannelImpl.java:269)
	at java.base/sun.nio.ch.ServerSocketChannelImpl.accept(ServerSocketChannelImpl.java:288)
	at org.apache.tomcat.util.net.NioEndpoint.serverSocketAccept(NioEndpoint.java:548)
	at org.apache.tomcat.util.net.NioEndpoint.serverSocketAccept(NioEndpoint.java:79)
	at org.apache.tomcat.util.net.Acceptor.run(Acceptor.java:129)
	at java.base/java.lang.Thread.run(Thread.java:829)

Initialized 120 board positions across 10 matrix levels
Created wiped test coordinate at (0,1) for repair mini-game testing
DEBUG: About to spawn merchants...
DEBUG: Finished spawning merchants
Telnet server started on port 8181
Audio system initialized
Elemental symbols initialized
✅ Initialized 4 puzzle logic fragments
Initializing randomized puzzle elements for session SESSION_1753054883529_548504, map 1
Puzzle system failed to initialize: Validation Error(s) occurred during save():
- Field error in object 'ysap.HiddenVariable' on field 'elementType': rejected value [null]; codes [ysap.HiddenVariable.elementType.nullable.error.ysap.HiddenVariable.elementType,ysap.HiddenVariable.elementType.nullable.error.elementType,ysap.HiddenVariable.elementType.nullable.error.java.lang.String,ysap.HiddenVariable.elementType.nullable.error,hiddenVariable.elementType.nullable.error.ysap.HiddenVariable.elementType,hiddenVariable.elementType.nullable.error.elementType,hiddenVariable.elementType.nullable.error.java.lang.String,hiddenVariable.elementType.nullable.error,ysap.HiddenVariable.elementType.nullable.ysap.HiddenVariable.elementType,ysap.HiddenVariable.elementType.nullable.elementType,ysap.HiddenVariable.elementType.nullable.java.lang.String,ysap.HiddenVariable.elementType.nullable,hiddenVariable.elementType.nullable.ysap.HiddenVariable.elementType,hiddenVariable.elementType.nullable.elementType,hiddenVariable.elementType.nullable.java.lang.String,hiddenVariable.elementType.nullable,nullable.ysap.HiddenVariable.elementType,nullable.elementType,nullable.java.lang.String,nullable]; arguments [elementType,class ysap.HiddenVariable]; default message [Property [{0}] of class [{1}] cannot be null]

🤖 Starting auto-defrag system with 1-minute destruction cycles
✅ Auto-defrag system started successfully
Auto-defrag system initialized
Lambda: A Digital Entities Game initialized
Telnet server running on port 8181
Connect via: telnet localhost 8181
Grails application running at http://localhost:8080 in environment: development
